16/03/2015 20:00:47 oracle.mds
NOTIFICATION: A instância PManager é criada sem suporte para multitenancy visto que o flag de JVM "oracle.multitenant.enabled" não está definido para ativar o suporte de multitenancy.
16/03/2015 20:00:48 oracle.fabric.common.wsdl.SchemaManager isIncrementalBuildSupported
INFO: XMLSchema incremental build enabled.
16/03/2015 20:00:48 com.collaxa.cube.CubeLogger info
INFO: validando "approveLargeOrder.bpel" ...
16/03/2015 20:00:48 oracle.integration.platform.blocks.FabricConfigManager <clinit>
AVISO: JRF is unable to determine the current application server platform.
16/03/2015 20:00:48 oracle.integration.platform.blocks.WLSPlatformConfigurationProvider <clinit>
AVISO: JRF is unable to determine the current application server platform.
node class name com.collaxa.cube.engine.ext.bpel.v1.blocks.BPELSequenceBlock
node class name com.collaxa.cube.engine.ext.bpel.v1.blocks.BPELSwitchBlock
node class name com.collaxa.cube.engine.ext.bpel.v1.blocks.BPELScopeBlock
node class name com.collaxa.cube.engine.ext.bpel.v1.blocks.BPELCompensationHandlerBlock
16/03/2015 20:00:49 com.collaxa.cube.CubeLogger info
INFO: Composed "approveLargeOrder" in 244,4 milliseconds [nodes 28=1+27, 114,6 nodes/sec]
16/03/2015 20:00:52 com.collaxa.cube.CubeLogger info
INFO: Compiled "approveLargeOrder" in 3,783 seconds
16/03/2015 20:00:52 com.collaxa.cube.CubeLogger info
INFO: Gathered 5 files in 1,2 milliseconds

16/03/2015 20:00:52 com.collaxa.cube.CubeLogger info
INFO: Packaged "approveLargeOrder" in 8,2 milliseconds

